[INFO ] 2023-12-06 12:57:47.451 LoginPage:37 - Username Is vendor01eduqat@gmail.com
[INFO ] 2023-12-06 12:57:48.225 LoginPage:39 - Password Is P@ss4eduqat
[INFO ] 2023-12-06 12:58:11.542 LoginPage:37 - Username Is vendor01eduqat@gmail.com
[INFO ] 2023-12-06 12:58:11.990 LoginPage:39 - Password Is P@ss4eduqat
[INFO ] 2023-12-06 12:58:39.038 LoginPage:37 - Username Is vendor01eduqat@gmail.com
[INFO ] 2023-12-06 12:58:48.393 LoginPage:37 - Username Is vendor01eduqat@gmail.com
[INFO ] 2023-12-06 12:59:32.981 LoginPage:37 - Username Is vendor01eduqat@gmail.com
[INFO ] 2023-12-06 12:59:43.848 LoginPage:37 - Username Is vendor01eduqat@gmail.com
[INFO ] 2023-12-06 13:19:09.389 LoginPage:37 - Username Is vendor01@gmail.com
[INFO ] 2023-12-06 13:19:09.749 LoginPage:39 - Password Is Pss4eduqat
[INFO ] 2023-12-06 13:19:15.484 LoginPage:37 - Username Is vendor01eduqat@gmail.com
[INFO ] 2023-12-06 13:19:16.917 LoginPage:39 - Password Is P@ss4eduqat
[INFO ] 2023-12-06 13:20:42.672 LoginPage:37 - Username Is vendor01eduqat@gmail.com
[INFO ] 2023-12-06 13:20:45.859 LoginPage:39 - Password Is P@ss4eduqat
[INFO ] 2023-12-06 13:22:33.807 LoginPage:37 - Username Is vendor01eduqat@gmail.com
[INFO ] 2023-12-06 13:22:36.217 LoginPage:39 - Password Is P@ss4eduqat
[INFO ] 2023-12-06 18:26:31.577 LoginPage:37 - Username Is eduqatautomationtest@gmail.com
[INFO ] 2023-12-06 18:26:32.047 LoginPage:39 - Password Is P@ss4eduqat
[INFO ] 2023-12-06 18:27:27.342 LoginPage:37 - Username Is eduqatautomationtest@gmail.com
[INFO ] 2023-12-06 18:27:27.583 LoginPage:39 - Password Is P@ss4eduqat
[INFO ] 2023-12-06 18:29:00.422 LoginPage:37 - Username Is eduqatautomationtest@gmail.com
[INFO ] 2023-12-06 18:29:00.699 LoginPage:39 - Password Is P@ss4eduqat
[INFO ] 2023-12-06 18:37:20.766 LoginPage:37 - Username Is eduqatautomationtest@gmail.com
[INFO ] 2023-12-06 18:37:21.517 LoginPage:39 - Password Is P@ss4eduqat
