[INFO ] 2023-12-06 12:57:47.451 LoginPage:37 - Username Is vendor01eduqat@gmail.com
[INFO ] 2023-12-06 12:57:48.225 LoginPage:39 - Password Is P@ss4eduqat
[INFO ] 2023-12-06 12:58:11.542 LoginPage:37 - Username Is vendor01eduqat@gmail.com
[INFO ] 2023-12-06 12:58:11.990 LoginPage:39 - Password Is P@ss4eduqat
[INFO ] 2023-12-06 12:58:39.038 LoginPage:37 - Username Is vendor01eduqat@gmail.com
[INFO ] 2023-12-06 12:58:48.393 LoginPage:37 - Username Is vendor01eduqat@gmail.com
[INFO ] 2023-12-06 12:59:32.981 LoginPage:37 - Username Is vendor01eduqat@gmail.com
[INFO ] 2023-12-06 12:59:43.848 LoginPage:37 - Username Is vendor01eduqat@gmail.com
[INFO ] 2023-12-06 13:19:09.389 LoginPage:37 - Username Is vendor01@gmail.com
[INFO ] 2023-12-06 13:19:09.749 LoginPage:39 - Password Is Pss4eduqat
[INFO ] 2023-12-06 13:19:15.484 LoginPage:37 - Username Is vendor01eduqat@gmail.com
[INFO ] 2023-12-06 13:19:16.917 LoginPage:39 - Password Is P@ss4eduqat
[INFO ] 2023-12-06 13:20:42.672 LoginPage:37 - Username Is vendor01eduqat@gmail.com
[INFO ] 2023-12-06 13:20:45.859 LoginPage:39 - Password Is P@ss4eduqat
[INFO ] 2023-12-06 13:22:33.807 LoginPage:37 - Username Is vendor01eduqat@gmail.com
[INFO ] 2023-12-06 13:22:36.217 LoginPage:39 - Password Is P@ss4eduqat
[INFO ] 2023-12-06 18:26:31.577 LoginPage:37 - Username Is eduqatautomationtest@gmail.com
[INFO ] 2023-12-06 18:26:32.047 LoginPage:39 - Password Is P@ss4eduqat
[INFO ] 2023-12-06 18:27:27.342 LoginPage:37 - Username Is eduqatautomationtest@gmail.com
[INFO ] 2023-12-06 18:27:27.583 LoginPage:39 - Password Is P@ss4eduqat
[INFO ] 2023-12-06 18:29:00.422 LoginPage:37 - Username Is eduqatautomationtest@gmail.com
[INFO ] 2023-12-06 18:29:00.699 LoginPage:39 - Password Is P@ss4eduqat
[INFO ] 2023-12-06 18:37:20.766 LoginPage:37 - Username Is eduqatautomationtest@gmail.com
[INFO ] 2023-12-06 18:37:21.517 LoginPage:39 - Password Is P@ss4eduqat
[INFO ] 2023-12-06 19:26:51.031 LoginPage:37 - Username Is eduqatautomationtest@gmail.com
[INFO ] 2023-12-06 19:26:51.204 LoginPage:39 - Password Is P@ss4eduqat
[INFO ] 2023-12-06 20:15:22.525 LoginPage:37 - Username Is eduqatautomationtest@gmail.com
[INFO ] 2023-12-06 20:15:22.825 LoginPage:39 - Password Is P@ss4eduqat
[INFO ] 2023-12-06 20:17:58.823 LoginPage:37 - Username Is eduqatautomationtest@gmail.com
[INFO ] 2023-12-06 20:17:59.200 LoginPage:39 - Password Is P@ss4eduqat
[INFO ] 2023-12-06 20:18:42.283 LoginPage:37 - Username Is eduqatautomationtest@gmail.com
[INFO ] 2023-12-06 20:18:42.514 LoginPage:39 - Password Is P@ss4eduqat
[INFO ] 2023-12-06 20:20:30.500 LoginPage:37 - Username Is eduqatautomationtest@gmail.com
[INFO ] 2023-12-06 20:20:30.759 LoginPage:39 - Password Is P@ss4eduqat
[INFO ] 2023-12-06 20:24:10.500 LoginPage:37 - Username Is eduqatautomationtest@gmail.com
[INFO ] 2023-12-06 20:24:10.747 LoginPage:39 - Password Is P@ss4eduqat
[INFO ] 2023-12-06 20:27:35.653 LoginPage:37 - Username Is eduqatautomationtest@gmail.com
[INFO ] 2023-12-06 20:27:35.909 LoginPage:39 - Password Is P@ss4eduqat
[INFO ] 2023-12-06 20:28:16.288 LoginPage:37 - Username Is eduqatautomationtest@gmail.com
[INFO ] 2023-12-06 20:28:16.542 LoginPage:39 - Password Is P@ss4eduqat
[INFO ] 2023-12-06 20:33:48.670 LoginPage:37 - Username Is eduqatautomationtest@gmail.com
[INFO ] 2023-12-06 20:33:48.988 LoginPage:39 - Password Is P@ss4eduqat
[INFO ] 2023-12-06 20:35:46.477 LoginPage:37 - Username Is eduqatautomationtest@gmail.com
[INFO ] 2023-12-06 20:35:46.766 LoginPage:39 - Password Is P@ss4eduqat
[INFO ] 2023-12-06 20:38:13.033 LoginPage:37 - Username Is eduqatautomationtest@gmail.com
[INFO ] 2023-12-06 20:38:13.308 LoginPage:39 - Password Is P@ss4eduqat
[INFO ] 2023-12-06 20:40:17.455 LoginPage:37 - Username Is eduqatautomationtest@gmail.com
[INFO ] 2023-12-06 20:40:17.702 LoginPage:39 - Password Is P@ss4eduqat
[INFO ] 2023-12-06 20:46:55.200 LoginPage:37 - Username Is eduqatautomationtest@gmail.com
[INFO ] 2023-12-06 20:46:55.434 LoginPage:39 - Password Is P@ss4eduqat
[INFO ] 2023-12-06 20:51:46.810 LoginPage:37 - Username Is eduqatautomationtest@gmail.com
[INFO ] 2023-12-06 20:51:47.071 LoginPage:39 - Password Is P@ss4eduqat
[INFO ] 2023-12-06 20:56:37.231 LoginPage:37 - Username Is eduqatautomationtest@gmail.com
[INFO ] 2023-12-06 20:56:37.764 LoginPage:39 - Password Is P@ss4eduqat
[INFO ] 2023-12-06 21:00:36.837 LoginPage:37 - Username Is eduqatautomationtest@gmail.com
[INFO ] 2023-12-06 21:00:37.019 LoginPage:39 - Password Is P@ss4eduqat
[INFO ] 2023-12-06 21:03:11.318 LoginPage:37 - Username Is eduqatautomationtest@gmail.com
[INFO ] 2023-12-06 21:03:12.102 LoginPage:39 - Password Is P@ss4eduqat
[INFO ] 2023-12-06 21:11:50.423 LoginPage:37 - Username Is eduqatautomationtest@gmail.com
[INFO ] 2023-12-06 21:11:50.655 LoginPage:39 - Password Is P@ss4eduqat
[INFO ] 2023-12-06 21:12:37.531 LoginPage:37 - Username Is eduqatautomationtest@gmail.com
[INFO ] 2023-12-06 21:12:37.746 LoginPage:39 - Password Is P@ss4eduqat
[INFO ] 2023-12-06 21:15:16.364 LoginPage:37 - Username Is eduqatautomationtest@gmail.com
[INFO ] 2023-12-06 21:15:16.606 LoginPage:39 - Password Is P@ss4eduqat
[INFO ] 2023-12-06 21:16:02.268 LoginPage:37 - Username Is eduqatautomationtest@gmail.com
[INFO ] 2023-12-06 21:16:02.532 LoginPage:39 - Password Is P@ss4eduqat
[INFO ] 2023-12-06 21:18:45.000 LoginPage:37 - Username Is eduqatautomationtest@gmail.com
[INFO ] 2023-12-06 21:18:45.321 LoginPage:39 - Password Is P@ss4eduqat
[INFO ] 2023-12-06 21:19:17.406 LoginPage:37 - Username Is eduqatautomationtest@gmail.com
[INFO ] 2023-12-06 21:19:17.660 LoginPage:39 - Password Is P@ss4eduqat
[INFO ] 2023-12-06 21:25:34.156 LoginPage:37 - Username Is eduqatautomationtest@gmail.com
[INFO ] 2023-12-06 21:25:34.402 LoginPage:39 - Password Is P@ss4eduqat
[INFO ] 2023-12-06 21:27:39.634 LoginPage:37 - Username Is eduqatautomationtest@gmail.com
[INFO ] 2023-12-06 21:27:39.913 LoginPage:39 - Password Is P@ss4eduqat
[INFO ] 2023-12-06 21:28:51.562 LoginPage:37 - Username Is eduqatautomationtest@gmail.com
[INFO ] 2023-12-06 21:28:51.826 LoginPage:39 - Password Is P@ss4eduqat
[INFO ] 2023-12-06 21:31:57.276 LoginPage:37 - Username Is eduqatautomationtest@gmail.com
[INFO ] 2023-12-06 21:31:57.530 LoginPage:39 - Password Is P@ss4eduqat
[INFO ] 2023-12-06 21:33:24.194 LoginPage:37 - Username Is eduqatautomationtest@gmail.com
[INFO ] 2023-12-06 21:33:24.648 LoginPage:39 - Password Is P@ss4eduqat
[INFO ] 2023-12-06 21:37:22.986 LoginPage:37 - Username Is eduqatautomationtest@gmail.com
[INFO ] 2023-12-06 21:37:23.247 LoginPage:39 - Password Is P@ss4eduqat
[INFO ] 2023-12-06 21:39:25.461 LoginPage:37 - Username Is eduqatautomationtest@gmail.com
