[INFO ] 2023-12-12 15:13:57.114 LoginPage:69 - Username Is eduqatautomationtest@gmail.com
[INFO ] 2023-12-12 15:13:57.587 LoginPage:71 - Password Is P@ss4eduqat
[INFO ] 2023-12-12 15:15:04.784 LoginPage:69 - Username Is eduqatautomationtest@gmail.com
[INFO ] 2023-12-12 15:15:05.102 LoginPage:71 - Password Is P@ss4eduqat
[INFO ] 2023-12-12 15:16:52.415 LoginPage:69 - Username Is eduqatautomationtest@gmail.com
[INFO ] 2023-12-12 15:16:52.744 LoginPage:71 - Password Is P@ss4eduqat
[INFO ] 2023-12-12 15:18:51.709 LoginPage:69 - Username Is eduqatautomationtest@gmail.com
[INFO ] 2023-12-12 15:18:52.096 LoginPage:71 - Password Is P@ss4eduqat
[INFO ] 2023-12-12 15:23:29.497 LoginPage:69 - Username Is eduqatautomationtest@gmail.com
[INFO ] 2023-12-12 15:23:29.756 LoginPage:71 - Password Is P@ss4eduqat
[INFO ] 2023-12-12 15:25:10.511 LoginPage:69 - Username Is eduqatautomationtest@gmail.com
[INFO ] 2023-12-12 15:25:10.753 LoginPage:71 - Password Is P@ss4eduqat
[INFO ] 2023-12-12 16:35:10.838 LoginPage:69 - Username Is eduqatautomationtest@gmail.com
[INFO ] 2023-12-12 16:35:11.081 LoginPage:71 - Password Is P@ss4eduqat
[INFO ] 2023-12-12 16:36:29.656 LoginPage:69 - Username Is eduqatautomationtest@gmail.com
[INFO ] 2023-12-12 16:36:29.882 LoginPage:71 - Password Is P@ss4eduqat
[INFO ] 2023-12-12 16:47:41.900 LoginPage:69 - Username Is eduqatautomationtest@gmail.com
[INFO ] 2023-12-12 16:47:42.262 LoginPage:71 - Password Is P@ss4eduqat
[INFO ] 2023-12-12 16:55:20.172 LoginPage:69 - Username Is eduqatautomationtest@gmail.com
[INFO ] 2023-12-12 16:55:20.401 LoginPage:71 - Password Is P@ss4eduqat
[INFO ] 2023-12-12 17:22:20.669 LoginPage:69 - Username Is eduqatautomationtest@gmail.com
[INFO ] 2023-12-12 17:22:21.786 LoginPage:71 - Password Is P@ss4eduqat
[INFO ] 2023-12-12 17:22:38.100 LoginPage:69 - Username Is eduqatautomationtest@gmail.com
[INFO ] 2023-12-12 17:22:39.665 LoginPage:71 - Password Is Pss4eduqat
[INFO ] 2023-12-12 17:22:43.554 LoginPage:69 - Username Is 
[INFO ] 2023-12-12 17:22:45.072 LoginPage:71 - Password Is Pss4eduqat
[INFO ] 2023-12-12 17:22:47.999 LoginPage:69 - Username Is 
[INFO ] 2023-12-12 17:22:49.169 LoginPage:71 - Password Is 
[INFO ] 2023-12-12 17:22:52.105 LoginPage:69 - Username Is eduqatautomationtest@gmail.com
[INFO ] 2023-12-12 17:22:53.547 LoginPage:71 - Password Is 
[INFO ] 2023-12-12 17:23:33.713 LoginPage:69 - Username Is eduqatautomationtest@gmail.com
[INFO ] 2023-12-12 17:23:34.605 LoginPage:71 - Password Is P@ss4eduqat
[INFO ] 2023-12-12 17:23:45.739 LoginPage:69 - Username Is eduqatautomationtest@gmail.com
[INFO ] 2023-12-12 17:23:47.031 LoginPage:71 - Password Is Pss4eduqat
[INFO ] 2023-12-12 17:23:49.997 LoginPage:69 - Username Is 
[INFO ] 2023-12-12 17:23:51.645 LoginPage:71 - Password Is Pss4eduqat
[INFO ] 2023-12-12 17:23:54.973 LoginPage:69 - Username Is 
[INFO ] 2023-12-12 17:23:56.472 LoginPage:71 - Password Is 
[INFO ] 2023-12-12 17:24:00.299 LoginPage:69 - Username Is eduqatautomationtest@gmail.com
[INFO ] 2023-12-12 17:24:01.795 LoginPage:71 - Password Is 
[INFO ] 2023-12-12 17:25:09.707 LoginPage:69 - Username Is eduqatautomationtest@gmail.com
[INFO ] 2023-12-12 17:25:09.990 LoginPage:71 - Password Is P@ss4eduqat
[INFO ] 2023-12-12 17:25:21.095 LoginPage:69 - Username Is eduqatautomationtest@gmail.com
[INFO ] 2023-12-12 17:25:22.547 LoginPage:71 - Password Is Pss4eduqat
[INFO ] 2023-12-12 17:25:26.102 LoginPage:69 - Username Is 
[INFO ] 2023-12-12 17:25:27.240 LoginPage:71 - Password Is Pss4eduqat
[INFO ] 2023-12-12 17:25:30.630 LoginPage:69 - Username Is 
[INFO ] 2023-12-12 17:25:32.132 LoginPage:71 - Password Is 
[INFO ] 2023-12-12 17:25:36.008 LoginPage:69 - Username Is eduqatautomationtest@gmail.com
[INFO ] 2023-12-12 17:25:37.587 LoginPage:71 - Password Is 
[INFO ] 2023-12-12 22:32:43.219 LoginPage:71 - Password Is P@ss4eduqat
[INFO ] 2023-12-12 22:32:43.778 LoginPage:69 - Username Is eduqatautomationtest@gmail.com
[INFO ] 2023-12-12 22:32:45.545 LoginPage:71 - Password Is P@ss4eduqat
[INFO ] 2023-12-12 22:34:30.784 LoginPage:69 - Username Is eduqatautomationtest@gmail.com
[INFO ] 2023-12-12 22:34:35.054 LoginPage:71 - Password Is P@ss4eduqat
[INFO ] 2023-12-12 22:36:39.520 LoginPage:69 - Username Is eduqatautomationtest@gmail.com
[INFO ] 2023-12-12 22:36:42.767 LoginPage:71 - Password Is P@ss4eduqat
[INFO ] 2023-12-12 22:38:21.160 LoginPage:69 - Username Is eduqatautomationtest@gmail.com
[INFO ] 2023-12-12 22:38:22.879 LoginPage:71 - Password Is P@ss4eduqat
[INFO ] 2023-12-12 22:41:09.835 LoginPage:69 - Username Is eduqatautomationtest@gmail.com
[INFO ] 2023-12-12 22:41:11.508 LoginPage:71 - Password Is P@ss4eduqat
