[INFO ] 2023-12-07 03:54:04.054 LoginPage:37 - Username Is eduqatautomationtest@gmail.com
[INFO ] 2023-12-07 03:54:04.353 LoginPage:39 - Password Is P@ss4eduqat
[INFO ] 2023-12-07 04:02:14.082 LoginPage:37 - Username Is eduqatautomationtest@gmail.com
[INFO ] 2023-12-07 04:02:14.289 LoginPage:39 - Password Is P@ss4eduqat
[INFO ] 2023-12-07 04:14:08.037 LoginPage:37 - Username Is eduqatautomationtest@gmail.com
[INFO ] 2023-12-07 04:14:08.314 LoginPage:39 - Password Is P@ss4eduqat
[INFO ] 2023-12-07 12:16:26.145 LoginPage:50 - Username Is 
[INFO ] 2023-12-07 12:16:26.348 LoginPage:52 - Password Is 
[INFO ] 2023-12-07 12:17:42.783 LoginPage:48 - Username Is 
[INFO ] 2023-12-07 12:17:43.027 LoginPage:50 - Password Is 
[INFO ] 2023-12-07 12:19:22.178 LoginPage:50 - Username Is 
[INFO ] 2023-12-07 12:19:22.416 LoginPage:52 - Password Is 
[INFO ] 2023-12-07 12:20:46.792 LoginPage:52 - Username Is 
[INFO ] 2023-12-07 12:20:46.973 LoginPage:54 - Password Is 
[INFO ] 2023-12-07 12:22:31.675 LoginPage:50 - Username Is eduqatautomationtest@gmail.com
[INFO ] 2023-12-07 12:22:32.089 LoginPage:52 - Password Is 
[INFO ] 2023-12-07 12:27:45.985 LoginPage:50 - Username Is eduqatautomationtest@gmail.com
[INFO ] 2023-12-07 12:27:46.508 LoginPage:52 - Password Is 
[INFO ] 2023-12-07 12:29:52.338 LoginPage:50 - Username Is 
[INFO ] 2023-12-07 12:29:52.578 LoginPage:52 - Password Is 
[INFO ] 2023-12-07 12:30:29.652 LoginPage:50 - Username Is eduqatautomationtest@gmail.com
[INFO ] 2023-12-07 12:30:30.065 LoginPage:52 - Password Is 
[INFO ] 2023-12-07 12:37:17.828 LoginPage:49 - Username Is eduqatautomationtest@gmail.com
[INFO ] 2023-12-07 12:37:18.096 LoginPage:51 - Password Is 
[INFO ] 2023-12-07 12:38:32.668 LoginPage:51 - Username Is 
[INFO ] 2023-12-07 12:38:32.884 LoginPage:53 - Password Is 
[INFO ] 2023-12-07 12:39:17.822 LoginPage:51 - Username Is eduqatautomationtest@gmail.com
[INFO ] 2023-12-07 12:39:18.209 LoginPage:53 - Password Is 
[INFO ] 2023-12-07 12:40:02.173 LoginPage:51 - Username Is 
[INFO ] 2023-12-07 12:40:02.617 LoginPage:53 - Password Is Pss4eduqat
[INFO ] 2023-12-07 12:47:16.096 LoginPage:50 - Username Is 
[INFO ] 2023-12-07 12:47:16.290 LoginPage:52 - Password Is Pss4eduqat
[INFO ] 2023-12-07 12:48:20.810 LoginPage:49 - Username Is 
[INFO ] 2023-12-07 12:48:21.188 LoginPage:51 - Password Is 
[INFO ] 2023-12-07 13:20:14.519 LoginPage:54 - Username Is eduqatautomationtest@gmail.com
[INFO ] 2023-12-07 13:20:14.877 LoginPage:56 - Password Is P@ss4eduqat
[INFO ] 2023-12-07 13:25:50.783 LoginPage:54 - Username Is eduqatautomationtest@gmail.com
[INFO ] 2023-12-07 13:25:51.182 LoginPage:56 - Password Is P@ss4eduqat
